<?xml version="1.0" encoding="UTF-8"?>
<!-- Generated by org.testng.reporters.JUnitReportReporter -->
<testsuite hostname="krishna" failures="0" tests="1" name="TestCases" time="6.454" errors="0" timestamp="2024-07-07T22:54:12 IST" skipped="0">
  <testcase classname="TestCases" name="Tc01" time="6.454"/>
  <system-out/>
</testsuite> <!-- TestCases -->
