<?xml version="1.0" encoding="UTF-8"?>
<!-- Generated by org.testng.reporters.JUnitReportReporter -->
<testsuite hostname="krishna" failures="0" tests="2" name="Tests.TestCases" time="11.383" errors="0" timestamp="2024-07-16T17:15:01 IST" skipped="0">
  <testcase classname="Tests.TestCases" name="Tc02" time="5.551"/>
  <system-out/>
  <testcase classname="Tests.TestCases" name="Tc01" time="5.832"/>
  <system-out/>
</testsuite> <!-- Tests.TestCases -->
