<?xml version="1.0" encoding="UTF-8"?>
<!-- Generated by org.testng.reporters.JUnitReportReporter -->
<testsuite hostname="krishna" failures="0" tests="2" name="Tests.TestCases" time="19.807" errors="0" timestamp="2024-07-16T17:16:28 IST" skipped="0">
  <testcase classname="Tests.TestCases" name="Tc01" time="10.148"/>
  <testcase classname="Tests.TestCases" name="Tc02" time="9.659"/>
</testsuite> <!-- Tests.TestCases -->
